INFO | app | 2024-03-31 17:56:13,373 | 42 | Commands list
INFO | app | 2024-03-31 17:56:13,373 | 43 | Доступные команды:
"+" - сложение
"-" - вычитание
"*" - умножение
"/" - деление
"^" - возведение в степень

INFO | app | 2024-03-31 18:13:01,098 | 45 | Commands list
INFO | app | 2024-03-31 18:13:01,099 | 46 | Доступные команды:
"+" - сложение
"-" - вычитание
"*" - умножение
"/" - деление
"^" - возведение в степень

INFO | app | 2024-03-31 18:13:26,111 | 45 | Commands list
INFO | app | 2024-03-31 18:13:26,111 | 46 | Доступные команды:
"+" - сложение
"-" - вычитание
"*" - умножение
"/" - деление
"^" - возведение в степень

INFO | app | 2024-03-31 18:30:40,695 | 45 | Commands list
INFO | app | 2024-03-31 18:30:40,701 | 46 | Доступные команды:
"+" - сложение
"-" - вычитание
"*" - умножение
"/" - деление
"^" - возведение в степень

ERROR | app | 2024-03-31 18:30:44,344 | 74 | Incorrect input
ERROR | app | 2024-03-31 18:30:46,519 | 74 | Incorrect input
