INFO | app | 2024-03-31 19:26:24,874 | 49 | Commands list
INFO | app | 2024-03-31 19:26:24,874 | 50 | Доступные команды:
"+" - сложение
"-" - вычитание
"*" - умножение
"/" - деление
"^" - возведение в степень

INFO | app | 2024-03-31 19:26:24,874 | 56 | ©
DEBUG | app | 2024-03-31 19:26:24,874 | 60 | Getting command from user
DEBUG | app | 2024-03-31 19:26:31,718 | 66 | Processing command
DEBUG | app | 2024-03-31 19:26:31,718 | 77 | Getting result
DEBUG | app | 2024-03-31 19:26:31,718 | 87 | Giving result to user
DEBUG | app | 2024-03-31 19:26:31,718 | 60 | Getting command from user
DEBUG | app | 2024-03-31 19:26:34,098 | 66 | Processing command
DEBUG | app | 2024-03-31 19:26:34,098 | 77 | Getting result
DEBUG | app | 2024-03-31 19:26:34,098 | 87 | Giving result to user
DEBUG | app | 2024-03-31 19:26:34,098 | 60 | Getting command from user
DEBUG | app | 2024-03-31 19:27:01,417 | 66 | Processing command
DEBUG | app | 2024-03-31 19:27:01,417 | 77 | Getting result
DEBUG | app | 2024-03-31 19:27:01,417 | 87 | Giving result to user
DEBUG | app | 2024-03-31 19:27:01,417 | 60 | Getting command from user
DEBUG | app | 2024-03-31 19:27:02,953 | 66 | Processing command
DEBUG | app | 2024-03-31 19:27:02,953 | 77 | Getting result
ERROR | app | 2024-03-31 19:27:02,953 | 79 | Incorrect input
DEBUG | app | 2024-03-31 19:27:02,954 | 87 | Giving result to user
DEBUG | app | 2024-03-31 19:27:02,954 | 60 | Getting command from user
DEBUG | app | 2024-03-31 19:27:04,897 | 66 | Processing command
DEBUG | app | 2024-03-31 19:27:04,897 | 77 | Getting result
ERROR | app | 2024-03-31 19:27:04,897 | 79 | Incorrect input
DEBUG | app | 2024-03-31 19:27:04,897 | 87 | Giving result to user
DEBUG | app | 2024-03-31 19:27:04,897 | 60 | Getting command from user
INFO | app | 2024-03-31 19:29:12,530 | 49 | Commands list
INFO | app | 2024-03-31 19:29:12,530 | 50 | Доступные команды:
"+" - сложение
"-" - вычитание
"*" - умножение
"/" - деление
"^" - возведение в степень

INFO | app | 2024-03-31 19:29:12,530 | 56 | ©
DEBUG | app | 2024-03-31 19:29:12,531 | 60 | Getting command from user
DEBUG | app | 2024-03-31 19:29:15,818 | 66 | Processing command
DEBUG | app | 2024-03-31 19:29:15,818 | 77 | Getting result
DEBUG | app | 2024-03-31 19:29:15,819 | 87 | Giving result to user
DEBUG | app | 2024-03-31 19:29:15,819 | 60 | Getting command from user
DEBUG | app | 2024-03-31 19:29:17,723 | 66 | Processing command
DEBUG | app | 2024-03-31 19:29:17,723 | 77 | Getting result
DEBUG | app | 2024-03-31 19:29:17,724 | 87 | Giving result to user
DEBUG | app | 2024-03-31 19:29:17,724 | 60 | Getting command from user
INFO | app | 2024-03-31 19:30:35,424 | 49 | Commands list
INFO | app | 2024-03-31 19:30:35,424 | 50 | Доступные команды:
"+" - сложение
"-" - вычитание
"*" - умножение
"/" - деление
"^" - возведение в степень

INFO | app | 2024-03-31 19:30:35,424 | 56 | ©
DEBUG | app | 2024-03-31 19:30:35,424 | 60 | Getting command from user
DEBUG | app | 2024-03-31 19:30:37,706 | 66 | Processing command
DEBUG | app | 2024-03-31 19:30:37,706 | 77 | Getting result
DEBUG | app | 2024-03-31 19:30:37,706 | 87 | Giving result to user
DEBUG | app | 2024-03-31 19:30:37,706 | 60 | Getting command from user
INFO | app | 2024-03-31 19:51:17,834 | 49 | Commands list
INFO | app | 2024-03-31 19:51:18,503 | 50 | Доступные команды:
"+" - сложение
"-" - вычитание
"*" - умножение
"/" - деление
"^" - возведение в степень

INFO | app | 2024-03-31 19:51:18,510 | 56 | ©
DEBUG | app | 2024-03-31 19:51:18,514 | 60 | Getting command from user
DEBUG | app | 2024-03-31 19:51:22,444 | 66 | Processing command
DEBUG | app | 2024-03-31 19:51:22,450 | 77 | Getting result
DEBUG | app | 2024-03-31 19:51:22,472 | 87 | Giving result to user
DEBUG | app | 2024-03-31 19:51:22,476 | 60 | Getting command from user
DEBUG | app | 2024-03-31 19:51:24,365 | 66 | Processing command
DEBUG | app | 2024-03-31 19:51:24,368 | 77 | Getting result
DEBUG | app | 2024-03-31 19:51:24,371 | 87 | Giving result to user
DEBUG | app | 2024-03-31 19:51:24,380 | 60 | Getting command from user
DEBUG | app | 2024-03-31 19:51:26,832 | 66 | Processing command
DEBUG | app | 2024-03-31 19:51:26,836 | 77 | Getting result
ERROR | app | 2024-03-31 19:51:26,839 | 79 | Incorrect input
DEBUG | app | 2024-03-31 19:51:26,843 | 87 | Giving result to user
DEBUG | app | 2024-03-31 19:51:26,853 | 60 | Getting command from user
DEBUG | app | 2024-03-31 19:52:08,104 | 66 | Processing command
DEBUG | app | 2024-03-31 19:52:08,144 | 77 | Getting result
ERROR | app | 2024-03-31 19:52:08,147 | 79 | Incorrect input
DEBUG | app | 2024-03-31 19:52:08,150 | 87 | Giving result to user
DEBUG | app | 2024-03-31 19:52:08,155 | 60 | Getting command from user
DEBUG | app | 2024-03-31 19:52:09,161 | 66 | Processing command
DEBUG | app | 2024-03-31 19:52:09,167 | 77 | Getting result
ERROR | app | 2024-03-31 19:52:09,176 | 79 | Incorrect input
DEBUG | app | 2024-03-31 19:52:09,191 | 87 | Giving result to user
DEBUG | app | 2024-03-31 19:52:09,196 | 60 | Getting command from user
DEBUG | app | 2024-03-31 19:52:11,833 | 66 | Processing command
DEBUG | app | 2024-03-31 19:52:11,839 | 77 | Getting result
DEBUG | app | 2024-03-31 19:52:11,852 | 87 | Giving result to user
DEBUG | app | 2024-03-31 19:52:11,857 | 60 | Getting command from user
INFO | app | 2024-03-31 19:56:45,378 | 49 | Commands list
INFO | app | 2024-03-31 19:56:45,608 | 50 | Доступные команды:
"+" - сложение
"-" - вычитание
"*" - умножение
"/" - деление
"^" - возведение в степень

INFO | app | 2024-03-31 19:56:45,611 | 56 | ©
DEBUG | app | 2024-03-31 19:56:45,613 | 60 | Getting command from user
DEBUG | app | 2024-03-31 19:57:21,959 | 66 | Processing command
DEBUG | app | 2024-03-31 19:57:21,963 | 77 | Getting result
DEBUG | app | 2024-03-31 19:57:21,967 | 87 | Giving result to user
DEBUG | app | 2024-03-31 19:57:21,970 | 60 | Getting command from user
DEBUG | app | 2024-03-31 19:57:34,928 | 66 | Processing command
DEBUG | app | 2024-03-31 19:57:34,932 | 77 | Getting result
DEBUG | app | 2024-03-31 19:57:34,933 | 87 | Giving result to user
DEBUG | app | 2024-03-31 19:57:34,936 | 60 | Getting command from user
DEBUG | app | 2024-03-31 19:57:37,081 | 66 | Processing command
DEBUG | app | 2024-03-31 19:57:37,082 | 77 | Getting result
DEBUG | app | 2024-03-31 19:57:37,084 | 87 | Giving result to user
DEBUG | app | 2024-03-31 19:57:37,085 | 60 | Getting command from user
DEBUG | app | 2024-03-31 20:01:56,816 | 66 | Processing command
DEBUG | app | 2024-03-31 20:01:56,820 | 77 | Getting result
DEBUG | app | 2024-03-31 20:01:56,822 | 87 | Giving result to user
DEBUG | app | 2024-03-31 20:01:56,823 | 60 | Getting command from user
DEBUG | app | 2024-03-31 20:01:58,396 | 66 | Processing command
DEBUG | app | 2024-03-31 20:01:58,399 | 77 | Getting result
ERROR | app | 2024-03-31 20:01:58,401 | 79 | Incorrect input
DEBUG | app | 2024-03-31 20:01:58,410 | 87 | Giving result to user
DEBUG | app | 2024-03-31 20:01:58,411 | 60 | Getting command from user
DEBUG | app | 2024-03-31 20:03:09,334 | 66 | Processing command
DEBUG | app | 2024-03-31 20:03:09,339 | 77 | Getting result
DEBUG | app | 2024-03-31 20:03:09,341 | 87 | Giving result to user
DEBUG | app | 2024-03-31 20:03:09,347 | 60 | Getting command from user
DEBUG | app | 2024-03-31 20:03:12,806 | 66 | Processing command
DEBUG | app | 2024-03-31 20:03:12,810 | 77 | Getting result
DEBUG | app | 2024-03-31 20:03:12,812 | 87 | Giving result to user
DEBUG | app | 2024-03-31 20:03:12,814 | 60 | Getting command from user
DEBUG | app | 2024-03-31 20:04:00,670 | 66 | Processing command
DEBUG | app | 2024-03-31 20:04:00,673 | 77 | Getting result
DEBUG | app | 2024-03-31 20:04:00,681 | 87 | Giving result to user
DEBUG | app | 2024-03-31 20:04:00,690 | 60 | Getting command from user
DEBUG | app | 2024-03-31 20:04:02,199 | 66 | Processing command
DEBUG | app | 2024-03-31 20:04:02,202 | 77 | Getting result
ERROR | app | 2024-03-31 20:04:02,204 | 79 | Incorrect input
DEBUG | app | 2024-03-31 20:04:02,205 | 87 | Giving result to user
DEBUG | app | 2024-03-31 20:04:02,216 | 60 | Getting command from user
DEBUG | app | 2024-03-31 20:04:03,996 | 66 | Processing command
DEBUG | app | 2024-03-31 20:04:03,999 | 77 | Getting result
DEBUG | app | 2024-03-31 20:04:04,002 | 87 | Giving result to user
DEBUG | app | 2024-03-31 20:04:04,003 | 60 | Getting command from user
INFO | app | 2024-03-31 20:07:02,494 | 49 | Commands list
INFO | app | 2024-03-31 20:07:02,509 | 50 | Доступные команды:
"+" - сложение
"-" - вычитание
"*" - умножение
"/" - деление
"^" - возведение в степень

INFO | app | 2024-03-31 20:07:02,511 | 56 | ©
DEBUG | app | 2024-03-31 20:07:02,513 | 60 | Getting command from user
DEBUG | app | 2024-03-31 20:07:05,134 | 66 | Processing command
DEBUG | app | 2024-03-31 20:07:05,134 | 77 | Getting result
DEBUG | app | 2024-03-31 20:07:05,161 | 87 | Giving result to user
DEBUG | app | 2024-03-31 20:07:05,161 | 60 | Getting command from user
DEBUG | app | 2024-03-31 20:07:06,970 | 66 | Processing command
DEBUG | app | 2024-03-31 20:07:06,970 | 77 | Getting result
DEBUG | app | 2024-03-31 20:07:06,975 | 87 | Giving result to user
DEBUG | app | 2024-03-31 20:07:06,975 | 60 | Getting command from user
DEBUG | app | 2024-03-31 20:07:08,004 | 66 | Processing command
DEBUG | app | 2024-03-31 20:07:08,004 | 77 | Getting result
ERROR | app | 2024-03-31 20:07:08,004 | 79 | Incorrect input
DEBUG | app | 2024-03-31 20:07:08,005 | 87 | Giving result to user
DEBUG | app | 2024-03-31 20:07:08,006 | 60 | Getting command from user
DEBUG | app | 2024-03-31 20:10:14,723 | 66 | Processing command
DEBUG | app | 2024-03-31 20:10:14,735 | 77 | Getting result
ERROR | app | 2024-03-31 20:10:14,735 | 79 | Incorrect input
DEBUG | app | 2024-03-31 20:10:14,759 | 87 | Giving result to user
DEBUG | app | 2024-03-31 20:10:14,759 | 60 | Getting command from user
DEBUG | app | 2024-03-31 20:10:14,759 | 66 | Processing command
DEBUG | app | 2024-03-31 20:10:14,759 | 77 | Getting result
DEBUG | app | 2024-03-31 20:10:14,765 | 87 | Giving result to user
DEBUG | app | 2024-03-31 20:10:14,765 | 60 | Getting command from user
DEBUG | app | 2024-03-31 20:10:16,788 | 66 | Processing command
DEBUG | app | 2024-03-31 20:10:16,788 | 77 | Getting result
DEBUG | app | 2024-03-31 20:10:16,796 | 87 | Giving result to user
DEBUG | app | 2024-03-31 20:10:16,796 | 60 | Getting command from user
DEBUG | app | 2024-03-31 20:11:00,388 | 66 | Processing command
DEBUG | app | 2024-03-31 20:11:00,397 | 77 | Getting result
DEBUG | app | 2024-03-31 20:11:00,426 | 87 | Giving result to user
DEBUG | app | 2024-03-31 20:11:00,426 | 60 | Getting command from user
DEBUG | app | 2024-03-31 20:11:02,509 | 66 | Processing command
DEBUG | app | 2024-03-31 20:11:02,510 | 77 | Getting result
DEBUG | app | 2024-03-31 20:11:02,535 | 87 | Giving result to user
DEBUG | app | 2024-03-31 20:11:02,535 | 60 | Getting command from user
DEBUG | app | 2024-03-31 20:15:16,862 | 66 | Processing command
DEBUG | app | 2024-03-31 20:15:16,863 | 77 | Getting result
DEBUG | app | 2024-03-31 20:15:16,877 | 87 | Giving result to user
DEBUG | app | 2024-03-31 20:15:16,877 | 60 | Getting command from user
DEBUG | app | 2024-03-31 20:15:18,690 | 66 | Processing command
DEBUG | app | 2024-03-31 20:15:18,690 | 77 | Getting result
DEBUG | app | 2024-03-31 20:15:18,698 | 87 | Giving result to user
DEBUG | app | 2024-03-31 20:15:18,698 | 60 | Getting command from user
DEBUG | app | 2024-03-31 20:15:20,942 | 66 | Processing command
DEBUG | app | 2024-03-31 20:15:20,942 | 77 | Getting result
DEBUG | app | 2024-03-31 20:15:20,947 | 87 | Giving result to user
DEBUG | app | 2024-03-31 20:15:20,947 | 60 | Getting command from user
DEBUG | app | 2024-03-31 20:15:22,373 | 66 | Processing command
DEBUG | app | 2024-03-31 20:15:22,373 | 77 | Getting result
ERROR | app | 2024-03-31 20:15:22,373 | 79 | Incorrect input
DEBUG | app | 2024-03-31 20:15:22,400 | 87 | Giving result to user
DEBUG | app | 2024-03-31 20:15:22,400 | 60 | Getting command from user
DEBUG | app | 2024-03-31 20:16:12,757 | 66 | Processing command
DEBUG | app | 2024-03-31 20:16:12,758 | 77 | Getting result
DEBUG | app | 2024-03-31 20:16:12,767 | 87 | Giving result to user
DEBUG | app | 2024-03-31 20:16:12,767 | 60 | Getting command from user
DEBUG | app | 2024-03-31 20:16:14,241 | 66 | Processing command
DEBUG | app | 2024-03-31 20:16:14,241 | 77 | Getting result
DEBUG | app | 2024-03-31 20:16:14,245 | 87 | Giving result to user
DEBUG | app | 2024-03-31 20:16:14,245 | 60 | Getting command from user
DEBUG | app | 2024-03-31 20:16:15,968 | 66 | Processing command
DEBUG | app | 2024-03-31 20:16:15,968 | 77 | Getting result
ERROR | app | 2024-03-31 20:16:15,968 | 79 | Incorrect input
DEBUG | app | 2024-03-31 20:16:15,970 | 87 | Giving result to user
DEBUG | app | 2024-03-31 20:16:15,970 | 60 | Getting command from user
DEBUG | app | 2024-03-31 20:16:36,627 | 66 | Processing command
DEBUG | app | 2024-03-31 20:16:36,627 | 77 | Getting result
DEBUG | app | 2024-03-31 20:16:36,639 | 87 | Giving result to user
DEBUG | app | 2024-03-31 20:16:36,639 | 60 | Getting command from user
DEBUG | app | 2024-03-31 20:16:38,367 | 66 | Processing command
DEBUG | app | 2024-03-31 20:16:38,368 | 77 | Getting result
DEBUG | app | 2024-03-31 20:16:38,379 | 87 | Giving result to user
DEBUG | app | 2024-03-31 20:16:38,379 | 60 | Getting command from user
INFO | app | 2024-03-31 20:16:56,706 | 49 | Commands list
INFO | app | 2024-03-31 20:16:56,741 | 50 | Доступные команды:
"+" - сложение
"-" - вычитание
"*" - умножение
"/" - деление
"^" - возведение в степень

INFO | app | 2024-03-31 20:16:56,758 | 56 | ©
DEBUG | app | 2024-03-31 20:16:56,760 | 60 | Getting command from user
DEBUG | app | 2024-03-31 20:16:59,601 | 66 | Processing command
DEBUG | app | 2024-03-31 20:16:59,602 | 77 | Getting result
DEBUG | app | 2024-03-31 20:16:59,609 | 87 | Giving result to user
DEBUG | app | 2024-03-31 20:16:59,609 | 60 | Getting command from user
DEBUG | app | 2024-03-31 20:17:00,882 | 66 | Processing command
DEBUG | app | 2024-03-31 20:17:00,882 | 77 | Getting result
ERROR | app | 2024-03-31 20:17:00,882 | 79 | Incorrect input
DEBUG | app | 2024-03-31 20:17:00,886 | 87 | Giving result to user
DEBUG | app | 2024-03-31 20:17:00,886 | 60 | Getting command from user
INFO | app | 2024-03-31 20:18:06,083 | 49 | Commands list
INFO | app | 2024-03-31 20:18:06,116 | 50 | Доступные команды:
"+" - сложение
"-" - вычитание
"*" - умножение
"/" - деление
"^" - возведение в степень

INFO | app | 2024-03-31 20:18:06,119 | 56 | ©
DEBUG | app | 2024-03-31 20:18:06,120 | 60 | Getting command from user
DEBUG | app | 2024-03-31 20:18:08,427 | 66 | Processing command
DEBUG | app | 2024-03-31 20:18:08,430 | 77 | Getting result
DEBUG | app | 2024-03-31 20:18:08,443 | 87 | Giving result to user
DEBUG | app | 2024-03-31 20:18:08,444 | 60 | Getting command from user
DEBUG | app | 2024-03-31 20:18:10,493 | 66 | Processing command
DEBUG | app | 2024-03-31 20:18:10,495 | 77 | Getting result
DEBUG | app | 2024-03-31 20:18:10,503 | 87 | Giving result to user
DEBUG | app | 2024-03-31 20:18:10,517 | 60 | Getting command from user
DEBUG | app | 2024-03-31 20:19:59,277 | 66 | Processing command
DEBUG | app | 2024-03-31 20:19:59,281 | 77 | Getting result
DEBUG | app | 2024-03-31 20:19:59,300 | 87 | Giving result to user
DEBUG | app | 2024-03-31 20:19:59,314 | 60 | Getting command from user
DEBUG | app | 2024-03-31 20:20:01,200 | 66 | Processing command
DEBUG | app | 2024-03-31 20:20:01,204 | 77 | Getting result
ERROR | app | 2024-03-31 20:20:01,210 | 79 | Incorrect input
DEBUG | app | 2024-03-31 20:20:01,216 | 87 | Giving result to user
DEBUG | app | 2024-03-31 20:20:01,219 | 60 | Getting command from user
DEBUG | app | 2024-03-31 20:20:01,789 | 66 | Processing command
DEBUG | app | 2024-03-31 20:20:01,792 | 77 | Getting result
ERROR | app | 2024-03-31 20:20:01,793 | 79 | Incorrect input
DEBUG | app | 2024-03-31 20:20:01,795 | 87 | Giving result to user
DEBUG | app | 2024-03-31 20:20:01,796 | 60 | Getting command from user
