{"time": "2024-03-24 00:00:00,000", "level": "DEBUG", "message": "dog"}
{"time": "2024-03-24 00:00:00,000", "level": "DEBUG", "message": "cat"}
{"time": "2024-03-24 00:50:00,000", "level": "INFO", "message": "dog"}
{"time": "2024-03-24 00:50:00,000", "level": "INFO", "message": "cat"}
{"time": "2024-03-24 01:40:00,000", "level": "WARNING", "message": "dog"}
{"time": "2024-03-24 01:40:00,000", "level": "WARNING", "message": "sad"}
{"time": "2024-03-24 02:30:00,000", "level": "ERROR", "message": "dog"}
{"time": "2024-03-24 02:30:00,000", "level": "ERROR", "message": "cat"}
{"time": "2024-03-24 03:20:00,000", "level": "CRITICAL", "message": "dog"}
{"time": "2024-03-24 03:20:00,000", "level": "CRITICAL", "message": "cat"}
{"time": "2024-03-24 04:10:00,000", "level": "DEBUG", "message": "dog"}
{"time": "2024-03-24 04:10:00,000", "level": "DEBUG", "message": "cat"}
{"time": "2024-03-24 05:00:00,000", "level": "INFO", "message": "dog"}
{"time": "2024-03-24 05:00:00,000", "level": "CRITICAL", "message": "dog"}
{"time": "2024-03-24 05:08:00,000", "level": "CRITICAL", "message": "cat"}
{"time": "2024-03-24 05:10:00,000", "level": "CRITICAL", "message": "cat"}
{"time": "2024-03-24 05:12:00,000", "level": "CRITICAL", "message": "dog"}
{"time": "2024-03-24 05:20:00,000", "level": "CRITICAL", "message": "cat"}
{"time": "2024-03-24 06:40:00,000", "level": "ERROR", "message": "dog"}
{"time": "2024-03-24 06:40:00,000", "level": "ERROR", "message": "cat"}
{"time": "2024-03-24 07:30:00,000", "level": "WARNING", "message": "pizza"}
{"time": "2024-03-24 07:30:00,000", "level": "WARNING", "message": "pizza"}
{"time": "2024-03-24 18:46:43,136", "level": "INFO", "message": "Message"}
{"time": "2024-03-24 18:46:46,173", "level": "INFO", "message": "pass"}
{"time": "2024-03-24 18:46:47,788", "level": "INFO", "message": "Message"}
{"time": "2024-03-24 18:46:49,414", "level": "INFO", "message": "\""}
{"time": "2024-03-24 18:46:53,400", "level": "INFO", "message": "Message"}
{"time": "2024-03-24 18:46:54,599", "level": "INFO", "message": "\"\""}
