INFO | app | 2024-03-31 18:45:23,775 | 45 | Commands list
INFO | app | 2024-03-31 18:45:23,775 | 46 | Доступные команды:
"+" - сложение
"-" - вычитание
"*" - умножение
"/" - деление
"^" - возведение в степень

ERROR | app | 2024-03-31 18:45:27,199 | 74 | Incorrect input
ERROR | app | 2024-03-31 18:45:30,641 | 74 | Incorrect input
ERROR | app | 2024-03-31 18:45:33,927 | 74 | Incorrect input
INFO | app | 2024-03-31 18:47:33,467 | 45 | Commands list
INFO | app | 2024-03-31 18:47:33,467 | 46 | Доступные команды:
"+" - сложение
"-" - вычитание
"*" - умножение
"/" - деление
"^" - возведение в степень

ERROR | app | 2024-03-31 18:47:40,260 | 74 | Incorrect input
ERROR | app | 2024-03-31 18:47:41,763 | 74 | Incorrect input
INFO | app | 2024-03-31 18:49:05,689 | 45 | Commands list
INFO | app | 2024-03-31 18:49:05,689 | 46 | Доступные команды:
"+" - сложение
"-" - вычитание
"*" - умножение
"/" - деление
"^" - возведение в степень

INFO | app | 2024-03-31 18:49:10,941 | 45 | Commands list
INFO | app | 2024-03-31 18:49:10,941 | 46 | Доступные команды:
"+" - сложение
"-" - вычитание
"*" - умножение
"/" - деление
"^" - возведение в степень

INFO | app | 2024-03-31 18:50:35,300 | 45 | Commands list
INFO | app | 2024-03-31 18:50:35,300 | 46 | Доступные команды:
"+" - сложение
"-" - вычитание
"*" - умножение
"/" - деление
"^" - возведение в степень

INFO | app | 2024-03-31 18:55:43,323 | 49 | Commands list
INFO | app | 2024-03-31 18:55:43,324 | 50 | Доступные команды:
"+" - сложение
"-" - вычитание
"*" - умножение
"/" - деление
"^" - возведение в степень

INFO | app | 2024-03-31 18:58:13,438 | 49 | Commands list
INFO | app | 2024-03-31 18:58:13,438 | 50 | Доступные команды:
"+" - сложение
"-" - вычитание
"*" - умножение
"/" - деление
"^" - возведение в степень

